2021-07-07 11:17:20.416 INFO  [restartedMain,,,] c.e.l.SpringLoggingExampleApplication [StartupInfoLogger.java:55] - Starting SpringLoggingExampleApplication using Java 11.0.11 on 60080341ui-MacBookPro.local with PID 21183 (/Users/a60080341/spring-project/spring-logging-example/spring-logging-example/target/classes started by a60080341 in /Users/a60080341/spring-project/spring-logging-example/spring-logging-example) ##
2021-07-07 11:17:20.416 INFO  [restartedMain,,,] c.e.l.SpringLoggingExampleApplication [SpringApplication.java:663] - The following profiles are active: local ##
2021-07-07 11:17:20.518 INFO  [restartedMain,,,] o.s.b.w.e.tomcat.TomcatWebServer [TomcatWebServer.java:108] - Tomcat initialized with port(s): 8080 (http) ##
2021-07-07 11:17:20.518 INFO  [restartedMain,,,] o.a.coyote.http11.Http11NioProtocol [DirectJDKLog.java:173] - Initializing ProtocolHandler ["http-nio-8080"] ##
2021-07-07 11:17:20.519 INFO  [restartedMain,,,] o.a.catalina.core.StandardService [DirectJDKLog.java:173] - Starting service [Tomcat] ##
2021-07-07 11:17:20.519 INFO  [restartedMain,,,] o.a.catalina.core.StandardEngine [DirectJDKLog.java:173] - Starting Servlet engine: [Apache Tomcat/9.0.48] ##
2021-07-07 11:17:20.526 INFO  [restartedMain,,,] o.a.c.c.C.[Tomcat].[localhost].[/] [DirectJDKLog.java:173] - Initializing Spring embedded WebApplicationContext ##
2021-07-07 11:17:20.527 INFO  [restartedMain,,,] o.s.b.w.s.c.ServletWebServerApplicationContext [ServletWebServerApplicationContext.java:290] - Root WebApplicationContext: initialization completed in 109 ms ##
2021-07-07 11:17:20.576 INFO  [restartedMain,,,] o.s.b.d.a.OptionalLiveReloadServer [OptionalLiveReloadServer.java:58] - LiveReload server is running on port 35729 ##
2021-07-07 11:17:20.581 INFO  [restartedMain,,,] o.a.coyote.http11.Http11NioProtocol [DirectJDKLog.java:173] - Starting ProtocolHandler ["http-nio-8080"] ##
2021-07-07 11:17:20.583 INFO  [restartedMain,,,] o.s.b.w.e.tomcat.TomcatWebServer [TomcatWebServer.java:220] - Tomcat started on port(s): 8080 (http) with context path '' ##
2021-07-07 11:17:20.586 INFO  [restartedMain,,,] c.e.l.SpringLoggingExampleApplication [StartupInfoLogger.java:61] - Started SpringLoggingExampleApplication in 0.204 seconds (JVM running for 312.027) ##
2021-07-07 11:17:20.587 INFO  [restartedMain,,,] o.s.b.d.a.ConditionEvaluationDeltaLoggingListener [ConditionEvaluationDeltaLoggingListener.java:63] - Condition evaluation unchanged ##
2021-07-07 11:17:55.274 INFO  [restartedMain,,,] c.e.l.SpringLoggingExampleApplication [StartupInfoLogger.java:55] - Starting SpringLoggingExampleApplication using Java 11.0.11 on 60080341ui-MacBookPro.local with PID 21183 (/Users/a60080341/spring-project/spring-logging-example/spring-logging-example/target/classes started by a60080341 in /Users/a60080341/spring-project/spring-logging-example/spring-logging-example) ##
2021-07-07 11:17:55.274 INFO  [restartedMain,,,] c.e.l.SpringLoggingExampleApplication [SpringApplication.java:663] - The following profiles are active: local ##
2021-07-07 11:17:55.369 INFO  [restartedMain,,,] o.s.b.w.e.tomcat.TomcatWebServer [TomcatWebServer.java:108] - Tomcat initialized with port(s): 8080 (http) ##
2021-07-07 11:17:55.370 INFO  [restartedMain,,,] o.a.coyote.http11.Http11NioProtocol [DirectJDKLog.java:173] - Initializing ProtocolHandler ["http-nio-8080"] ##
2021-07-07 11:17:55.370 INFO  [restartedMain,,,] o.a.catalina.core.StandardService [DirectJDKLog.java:173] - Starting service [Tomcat] ##
2021-07-07 11:17:55.370 INFO  [restartedMain,,,] o.a.catalina.core.StandardEngine [DirectJDKLog.java:173] - Starting Servlet engine: [Apache Tomcat/9.0.48] ##
2021-07-07 11:17:55.378 INFO  [restartedMain,,,] o.a.c.c.C.[Tomcat].[localhost].[/] [DirectJDKLog.java:173] - Initializing Spring embedded WebApplicationContext ##
2021-07-07 11:17:55.378 INFO  [restartedMain,,,] o.s.b.w.s.c.ServletWebServerApplicationContext [ServletWebServerApplicationContext.java:290] - Root WebApplicationContext: initialization completed in 102 ms ##
2021-07-07 11:17:55.421 INFO  [restartedMain,,,] o.s.b.d.a.OptionalLiveReloadServer [OptionalLiveReloadServer.java:58] - LiveReload server is running on port 35729 ##
2021-07-07 11:17:55.425 INFO  [restartedMain,,,] o.a.coyote.http11.Http11NioProtocol [DirectJDKLog.java:173] - Starting ProtocolHandler ["http-nio-8080"] ##
2021-07-07 11:17:55.427 INFO  [restartedMain,,,] o.s.b.w.e.tomcat.TomcatWebServer [TomcatWebServer.java:220] - Tomcat started on port(s): 8080 (http) with context path '' ##
2021-07-07 11:17:55.429 INFO  [restartedMain,,,] c.e.l.SpringLoggingExampleApplication [StartupInfoLogger.java:61] - Started SpringLoggingExampleApplication in 0.183 seconds (JVM running for 346.867) ##
2021-07-07 11:17:55.430 INFO  [restartedMain,,,] o.s.b.d.a.ConditionEvaluationDeltaLoggingListener [ConditionEvaluationDeltaLoggingListener.java:63] - Condition evaluation unchanged ##
2021-07-07 11:19:12.311 INFO  [restartedMain,,,] c.e.l.SpringLoggingExampleApplication [StartupInfoLogger.java:55] - Starting SpringLoggingExampleApplication using Java 11.0.11 on 60080341ui-MacBookPro.local with PID 21183 (/Users/a60080341/spring-project/spring-logging-example/spring-logging-example/target/classes started by a60080341 in /Users/a60080341/spring-project/spring-logging-example/spring-logging-example) ##
2021-07-07 11:19:12.312 INFO  [restartedMain,,,] c.e.l.SpringLoggingExampleApplication [SpringApplication.java:663] - The following profiles are active: local ##
2021-07-07 11:19:12.416 INFO  [restartedMain,,,] o.s.b.w.e.tomcat.TomcatWebServer [TomcatWebServer.java:108] - Tomcat initialized with port(s): 8080 (http) ##
2021-07-07 11:19:12.417 INFO  [restartedMain,,,] o.a.coyote.http11.Http11NioProtocol [DirectJDKLog.java:173] - Initializing ProtocolHandler ["http-nio-8080"] ##
2021-07-07 11:19:12.417 INFO  [restartedMain,,,] o.a.catalina.core.StandardService [DirectJDKLog.java:173] - Starting service [Tomcat] ##
2021-07-07 11:19:12.417 INFO  [restartedMain,,,] o.a.catalina.core.StandardEngine [DirectJDKLog.java:173] - Starting Servlet engine: [Apache Tomcat/9.0.48] ##
2021-07-07 11:19:12.424 INFO  [restartedMain,,,] o.a.c.c.C.[Tomcat].[localhost].[/] [DirectJDKLog.java:173] - Initializing Spring embedded WebApplicationContext ##
2021-07-07 11:19:12.424 INFO  [restartedMain,,,] o.s.b.w.s.c.ServletWebServerApplicationContext [ServletWebServerApplicationContext.java:290] - Root WebApplicationContext: initialization completed in 111 ms ##
2021-07-07 11:19:12.461 INFO  [restartedMain,,,] o.s.b.d.a.OptionalLiveReloadServer [OptionalLiveReloadServer.java:58] - LiveReload server is running on port 35729 ##
2021-07-07 11:19:12.465 INFO  [restartedMain,,,] o.a.coyote.http11.Http11NioProtocol [DirectJDKLog.java:173] - Starting ProtocolHandler ["http-nio-8080"] ##
2021-07-07 11:19:12.467 INFO  [restartedMain,,,] o.s.b.w.e.tomcat.TomcatWebServer [TomcatWebServer.java:220] - Tomcat started on port(s): 8080 (http) with context path '' ##
2021-07-07 11:19:12.469 INFO  [restartedMain,,,] c.e.l.SpringLoggingExampleApplication [StartupInfoLogger.java:61] - Started SpringLoggingExampleApplication in 0.184 seconds (JVM running for 423.905) ##
2021-07-07 11:19:12.470 INFO  [restartedMain,,,] o.s.b.d.a.ConditionEvaluationDeltaLoggingListener [ConditionEvaluationDeltaLoggingListener.java:63] - Condition evaluation unchanged ##
